2021-10-28 15:57:43.290  INFO 10572 --- [restartedMain] c.tutorial.tutorial.TutorialApplication  : Starting TutorialApplication using Java 11.0.5 on MAD-9FC34F3 with PID 10572 (S:\Workspaces\MyTasksRepo\tutorial\target\classes started by igonzsan in S:\Workspaces\MyTasksRepo\tutorial)
2021-10-28 15:57:43.290  INFO 10572 --- [restartedMain] c.tutorial.tutorial.TutorialApplication  : No active profile set, falling back to default profiles: default
2021-10-28 15:57:43.416  INFO 10572 --- [restartedMain] .s.d.r.c.RepositoryConfigurationDelegate : Bootstrapping Spring Data JPA repositories in DEFAULT mode.
2021-10-28 15:57:43.424  INFO 10572 --- [restartedMain] .s.d.r.c.RepositoryConfigurationDelegate : Finished Spring Data repository scanning in 6 ms. Found 1 JPA repository interfaces.
2021-10-28 15:57:43.494  INFO 10572 --- [restartedMain] o.s.b.w.embedded.tomcat.TomcatWebServer  : Tomcat initialized with port(s): 8080 (http)
2021-10-28 15:57:43.495  INFO 10572 --- [restartedMain] o.apache.catalina.core.StandardService   : Starting service [Tomcat]
2021-10-28 15:57:43.495  INFO 10572 --- [restartedMain] org.apache.catalina.core.StandardEngine  : Starting Servlet engine: [Apache Tomcat/9.0.54]
2021-10-28 15:57:43.513  INFO 10572 --- [restartedMain] o.a.c.c.C.[Tomcat].[localhost].[/]       : Initializing Spring embedded WebApplicationContext
2021-10-28 15:57:43.513  INFO 10572 --- [restartedMain] w.s.c.ServletWebServerApplicationContext : Root WebApplicationContext: initialization completed in 221 ms
2021-10-28 15:57:43.523  INFO 10572 --- [restartedMain] com.zaxxer.hikari.HikariDataSource       : HikariPool-2 - Starting...
2021-10-28 15:57:43.523  WARN 10572 --- [restartedMain] com.zaxxer.hikari.util.DriverDataSource  : Registered driver with driverClassName=com.mysql.jdbc.Driver was not found, trying direct instantiation.
2021-10-28 15:57:43.532  INFO 10572 --- [restartedMain] com.zaxxer.hikari.HikariDataSource       : HikariPool-2 - Start completed.
2021-10-28 15:57:43.532  INFO 10572 --- [restartedMain] o.s.b.a.h2.H2ConsoleAutoConfiguration    : H2 console available at '/h2-console'. Database available at 'jdbc:mysql://localhost:3306/APIDevelopSpringBoot'
2021-10-28 15:57:43.553  INFO 10572 --- [restartedMain] o.hibernate.jpa.internal.util.LogHelper  : HHH000204: Processing PersistenceUnitInfo [name: default]
2021-10-28 15:57:43.557  INFO 10572 --- [restartedMain] org.hibernate.dialect.Dialect            : HHH000400: Using dialect: org.hibernate.dialect.MySQL5InnoDBDialect
2021-10-28 15:57:43.589  INFO 10572 --- [restartedMain] o.h.e.t.j.p.i.JtaPlatformInitiator       : HHH000490: Using JtaPlatform implementation: [org.hibernate.engine.transaction.jta.platform.internal.NoJtaPlatform]
2021-10-28 15:57:43.589  INFO 10572 --- [restartedMain] j.LocalContainerEntityManagerFactoryBean : Initialized JPA EntityManagerFactory for persistence unit 'default'
2021-10-28 15:57:43.648  WARN 10572 --- [restartedMain] JpaBaseConfiguration$JpaWebConfiguration : spring.jpa.open-in-view is enabled by default. Therefore, database queries may be performed during view rendering. Explicitly configure spring.jpa.open-in-view to disable this warning
2021-10-28 15:57:43.724  INFO 10572 --- [restartedMain] o.s.b.d.a.OptionalLiveReloadServer       : LiveReload server is running on port 35729
2021-10-28 15:57:43.733  INFO 10572 --- [restartedMain] o.s.b.w.embedded.tomcat.TomcatWebServer  : Tomcat started on port(s): 8080 (http) with context path ''
2021-10-28 15:57:43.738  INFO 10572 --- [restartedMain] c.tutorial.tutorial.TutorialApplication  : Started TutorialApplication in 0.504 seconds (JVM running for 122.874)
2021-10-28 15:57:43.740  INFO 10572 --- [restartedMain] .ConditionEvaluationDeltaLoggingListener : Condition evaluation unchanged
2021-10-28 15:57:52.412  INFO 10572 --- [RMI TCP Connection(2)-127.0.0.1] inMXBeanRegistrar$SpringApplicationAdmin : Application shutdown requested.
2021-10-28 15:57:52.534  INFO 10572 --- [RMI TCP Connection(2)-127.0.0.1] j.LocalContainerEntityManagerFactoryBean : Closing JPA EntityManagerFactory for persistence unit 'default'
2021-10-28 15:57:52.535  INFO 10572 --- [RMI TCP Connection(2)-127.0.0.1] com.zaxxer.hikari.HikariDataSource       : HikariPool-2 - Shutdown initiated...
2021-10-28 15:57:52.547  INFO 10572 --- [RMI TCP Connection(2)-127.0.0.1] com.zaxxer.hikari.HikariDataSource       : HikariPool-2 - Shutdown completed.
2021-10-28 15:58:00.991  INFO 16064 --- [restartedMain] c.tutorial.tutorial.TutorialApplication  : Starting TutorialApplication using Java 11.0.5 on MAD-9FC34F3 with PID 16064 (S:\Workspaces\MyTasksRepo\tutorial\target\classes started by igonzsan in S:\Workspaces\MyTasksRepo\tutorial)
2021-10-28 15:58:00.992  INFO 16064 --- [restartedMain] c.tutorial.tutorial.TutorialApplication  : No active profile set, falling back to default profiles: default
2021-10-28 15:58:01.027  INFO 16064 --- [restartedMain] .e.DevToolsPropertyDefaultsPostProcessor : Devtools property defaults active! Set 'spring.devtools.add-properties' to 'false' to disable
2021-10-28 15:58:01.027  INFO 16064 --- [restartedMain] .e.DevToolsPropertyDefaultsPostProcessor : For additional web related logging consider setting the 'logging.level.web' property to 'DEBUG'
2021-10-28 15:58:01.496  INFO 16064 --- [restartedMain] .s.d.r.c.RepositoryConfigurationDelegate : Bootstrapping Spring Data JPA repositories in DEFAULT mode.
2021-10-28 15:58:01.531  INFO 16064 --- [restartedMain] .s.d.r.c.RepositoryConfigurationDelegate : Finished Spring Data repository scanning in 29 ms. Found 1 JPA repository interfaces.
2021-10-28 15:58:01.882  INFO 16064 --- [restartedMain] o.s.b.w.embedded.tomcat.TomcatWebServer  : Tomcat initialized with port(s): 8080 (http)
2021-10-28 15:58:01.892  INFO 16064 --- [restartedMain] o.apache.catalina.core.StandardService   : Starting service [Tomcat]
2021-10-28 15:58:01.893  INFO 16064 --- [restartedMain] org.apache.catalina.core.StandardEngine  : Starting Servlet engine: [Apache Tomcat/9.0.54]
2021-10-28 15:58:01.959  INFO 16064 --- [restartedMain] o.a.c.c.C.[Tomcat].[localhost].[/]       : Initializing Spring embedded WebApplicationContext
2021-10-28 15:58:01.960  INFO 16064 --- [restartedMain] w.s.c.ServletWebServerApplicationContext : Root WebApplicationContext: initialization completed in 933 ms
2021-10-28 15:58:01.983  INFO 16064 --- [restartedMain] com.zaxxer.hikari.HikariDataSource       : HikariPool-1 - Starting...
2021-10-28 15:58:01.986  WARN 16064 --- [restartedMain] com.zaxxer.hikari.util.DriverDataSource  : Registered driver with driverClassName=com.mysql.jdbc.Driver was not found, trying direct instantiation.
2021-10-28 15:58:02.083  INFO 16064 --- [restartedMain] com.zaxxer.hikari.HikariDataSource       : HikariPool-1 - Start completed.
2021-10-28 15:58:02.086  INFO 16064 --- [restartedMain] o.s.b.a.h2.H2ConsoleAutoConfiguration    : H2 console available at '/h2-console'. Database available at 'jdbc:mysql://localhost:3306/APIDevelopSpringBoot'
2021-10-28 15:58:02.183  INFO 16064 --- [restartedMain] o.hibernate.jpa.internal.util.LogHelper  : HHH000204: Processing PersistenceUnitInfo [name: default]
2021-10-28 15:58:02.217  INFO 16064 --- [restartedMain] org.hibernate.Version                    : HHH000412: Hibernate ORM core version 5.4.32.Final
2021-10-28 15:58:02.284  INFO 16064 --- [restartedMain] o.hibernate.annotations.common.Version   : HCANN000001: Hibernate Commons Annotations {5.1.2.Final}
2021-10-28 15:58:02.345  INFO 16064 --- [restartedMain] org.hibernate.dialect.Dialect            : HHH000400: Using dialect: org.hibernate.dialect.MySQL5InnoDBDialect
2021-10-28 15:58:02.653  INFO 16064 --- [restartedMain] o.h.e.t.j.p.i.JtaPlatformInitiator       : HHH000490: Using JtaPlatform implementation: [org.hibernate.engine.transaction.jta.platform.internal.NoJtaPlatform]
2021-10-28 15:58:02.658  INFO 16064 --- [restartedMain] j.LocalContainerEntityManagerFactoryBean : Initialized JPA EntityManagerFactory for persistence unit 'default'
2021-10-28 15:58:02.854  WARN 16064 --- [restartedMain] JpaBaseConfiguration$JpaWebConfiguration : spring.jpa.open-in-view is enabled by default. Therefore, database queries may be performed during view rendering. Explicitly configure spring.jpa.open-in-view to disable this warning
2021-10-28 15:58:03.051  INFO 16064 --- [restartedMain] o.s.b.d.a.OptionalLiveReloadServer       : LiveReload server is running on port 35729
2021-10-28 15:58:03.076  INFO 16064 --- [restartedMain] o.s.b.w.embedded.tomcat.TomcatWebServer  : Tomcat started on port(s): 8080 (http) with context path ''
2021-10-28 15:58:03.083  INFO 16064 --- [restartedMain] c.tutorial.tutorial.TutorialApplication  : Started TutorialApplication in 2.41 seconds (JVM running for 3.016)
2021-10-28 15:58:21.021  INFO 16064 --- [http-nio-8080-exec-2] o.a.c.c.C.[Tomcat].[localhost].[/]       : Initializing Spring DispatcherServlet 'dispatcherServlet'
2021-10-28 15:58:21.023  INFO 16064 --- [http-nio-8080-exec-2] o.s.web.servlet.DispatcherServlet        : Initializing Servlet 'dispatcherServlet'
2021-10-28 15:58:21.024  INFO 16064 --- [http-nio-8080-exec-2] o.s.web.servlet.DispatcherServlet        : Completed initialization in 1 ms
2021-10-28 15:58:21.162  INFO 16064 --- [http-nio-8080-exec-2] c.t.t.controller.LibraryController       : Book do not exist so creating one
2021-10-28 16:07:03.714  INFO 16064 --- [RMI TCP Connection(2)-127.0.0.1] inMXBeanRegistrar$SpringApplicationAdmin : Application shutdown requested.
2021-10-28 16:07:03.803  INFO 16064 --- [RMI TCP Connection(2)-127.0.0.1] j.LocalContainerEntityManagerFactoryBean : Closing JPA EntityManagerFactory for persistence unit 'default'
2021-10-28 16:07:03.806  INFO 16064 --- [RMI TCP Connection(2)-127.0.0.1] com.zaxxer.hikari.HikariDataSource       : HikariPool-1 - Shutdown initiated...
2021-10-28 16:07:03.813  INFO 16064 --- [RMI TCP Connection(2)-127.0.0.1] com.zaxxer.hikari.HikariDataSource       : HikariPool-1 - Shutdown completed.
